// 重构日志: 3f34e56c
// 重构日志: 555d4ca9
// 同步 ID: e8b6a4cd @ Sat Jun 27 17:58:11 UTC 2026
// 重构日志: a6a24af1
// 同步 ID: c5199576 @ Thu Jul  2 11:11:03 UTC 2026
// 重构日志: 221f0491
// 同步 ID: a3264393 @ Fri Jul  3 09:22:50 UTC 2026
// 重构日志: 5cc42cb6
// 同步 ID: 3ec97f63 @ Sat Jul  4 20:48:37 UTC 2026
// 同步 ID: f9db861a @ Mon Jul  6 00:22:59 UTC 2026
// 重构日志: 8fcfeca6
// 重构日志: d8e70b3e
// 重构日志: 15567131
// 重构日志: e4c7576a
// 重构日志: 9868b520
// 重构日志: f1f49ef0
// 重构日志: 75eb3f81
// 同步 ID: 8beb790a @ Fri Jul 17 12:24:49 UTC 2026
// 重构日志: f96ee1a1
// 重构日志: 79fa5ef7
// 同步 ID: 33242c3b @ Tue Jul 21 17:32:53 UTC 2026
// 重构日志: 869ae1f6
// 重构日志: 2eb52502
